[2021-11-29 14:26:01.545][DEBUG] LogFactory.setImplementation(LogFactory.java:105) Logging initialized using 'class org.apache.ibatis.logging.slf4j.Slf4jImpl' adapter.
[2021-11-29 14:26:01.549][WARN ] Logger.warn(Logger.java:44) No MyBatis mapper was found in '[com.jua.makaron.mapper]' package. Please check your configuration.
[2021-11-29 14:26:01.726][WARN ] DriverDataSource.<init>(DriverDataSource.java:70) Registered driver with driverClassName=oracle.jdbc.driver.OracleDriver was not found, trying direct instantiation.
[2021-11-29 14:26:18.717][DEBUG] LogFactory.setImplementation(LogFactory.java:105) Logging initialized using 'class org.apache.ibatis.logging.slf4j.Slf4jImpl' adapter.
[2021-11-29 14:26:18.722][WARN ] Logger.warn(Logger.java:44) No MyBatis mapper was found in '[com.jua.makaron.mapper]' package. Please check your configuration.
[2021-11-29 14:26:18.911][WARN ] DriverDataSource.<init>(DriverDataSource.java:70) Registered driver with driverClassName=oracle.jdbc.driver.OracleDriver was not found, trying direct instantiation.
[2021-11-29 14:27:06.345][DEBUG] LogFactory.setImplementation(LogFactory.java:105) Logging initialized using 'class org.apache.ibatis.logging.slf4j.Slf4jImpl' adapter.
[2021-11-29 14:27:06.349][WARN ] Logger.warn(Logger.java:44) No MyBatis mapper was found in '[com.jua.makaron.mapper]' package. Please check your configuration.
[2021-11-29 14:27:06.527][WARN ] DriverDataSource.<init>(DriverDataSource.java:70) Registered driver with driverClassName=oracle.jdbc.driver.OracleDriver was not found, trying direct instantiation.
[2021-11-29 14:28:18.574][DEBUG] LogFactory.setImplementation(LogFactory.java:105) Logging initialized using 'class org.apache.ibatis.logging.slf4j.Slf4jImpl' adapter.
[2021-11-29 14:28:18.579][WARN ] Logger.warn(Logger.java:44) No MyBatis mapper was found in '[com.jua.makaron.mapper]' package. Please check your configuration.
[2021-11-29 14:28:18.758][WARN ] DriverDataSource.<init>(DriverDataSource.java:70) Registered driver with driverClassName=oracle.jdbc.driver.OracleDriver was not found, trying direct instantiation.
[2021-11-29 14:28:19.412][ERROR] HikariPool.throwPoolInitializationException(HikariPool.java:595) HikariPool-1 - Exception during pool initialization.
java.sql.SQLException: ORA-01017: invalid username/password; logon denied

	at oracle.jdbc.driver.T4CTTIoer11.processError(T4CTTIoer11.java:628)
	at oracle.jdbc.driver.T4CTTIoer11.processError(T4CTTIoer11.java:557)
	at oracle.jdbc.driver.T4CTTIoer11.processError(T4CTTIoer11.java:552)
	at oracle.jdbc.driver.T4CTTIfun.processError(T4CTTIfun.java:1312)
	at oracle.jdbc.driver.T4CTTIoauthenticate.processError(T4CTTIoauthenticate.java:699)
	at oracle.jdbc.driver.T4CTTIfun.receive(T4CTTIfun.java:726)
	at oracle.jdbc.driver.T4CTTIfun.doRPC(T4CTTIfun.java:291)
	at oracle.jdbc.driver.T4CTTIoauthenticate.doOAUTH(T4CTTIoauthenticate.java:389)
	at oracle.jdbc.driver.T4CTTIoauthenticate.doOAUTHWithO5Logon(T4CTTIoauthenticate.java:1455)
	at oracle.jdbc.driver.T4CTTIoauthenticate.doOAUTH(T4CTTIoauthenticate.java:1219)
	at oracle.jdbc.driver.T4CTTIoauthenticate.doOAUTH(T4CTTIoauthenticate.java:1173)
	at oracle.jdbc.driver.T4CConnection.authenticateUserForLogon(T4CConnection.java:1030)
	at oracle.jdbc.driver.T4CConnection.logon(T4CConnection.java:646)
	at oracle.jdbc.driver.PhysicalConnection.connect(PhysicalConnection.java:1032)
	at oracle.jdbc.driver.T4CDriverExtension.getConnection(T4CDriverExtension.java:90)
	at oracle.jdbc.driver.OracleDriver.connect(OracleDriver.java:681)
	at oracle.jdbc.driver.OracleDriver.connect(OracleDriver.java:602)
	at com.zaxxer.hikari.util.DriverDataSource.getConnection(DriverDataSource.java:138)
	at com.zaxxer.hikari.pool.PoolBase.newConnection(PoolBase.java:353)
	at com.zaxxer.hikari.pool.PoolBase.newPoolEntry(PoolBase.java:201)
	at com.zaxxer.hikari.pool.HikariPool.createPoolEntry(HikariPool.java:473)
	at com.zaxxer.hikari.pool.HikariPool.checkFailFast(HikariPool.java:562)
	at com.zaxxer.hikari.pool.HikariPool.<init>(HikariPool.java:115)
	at com.zaxxer.hikari.HikariDataSource.getConnection(HikariDataSource.java:112)
	at org.zerock.persistence.DataSourceTests.testConnection(DataSourceTests.java:36)
	at sun.reflect.NativeMethodAccessorImpl.invoke0(Native Method)
	at sun.reflect.NativeMethodAccessorImpl.invoke(Unknown Source)
	at sun.reflect.DelegatingMethodAccessorImpl.invoke(Unknown Source)
	at java.lang.reflect.Method.invoke(Unknown Source)
	at org.junit.runners.model.FrameworkMethod$1.runReflectiveCall(FrameworkMethod.java:50)
	at org.junit.internal.runners.model.ReflectiveCallable.run(ReflectiveCallable.java:12)
	at org.junit.runners.model.FrameworkMethod.invokeExplosively(FrameworkMethod.java:47)
	at org.junit.internal.runners.statements.InvokeMethod.evaluate(InvokeMethod.java:17)
	at org.springframework.test.context.junit4.statements.RunBeforeTestExecutionCallbacks.evaluate(RunBeforeTestExecutionCallbacks.java:74)
	at org.springframework.test.context.junit4.statements.RunAfterTestExecutionCallbacks.evaluate(RunAfterTestExecutionCallbacks.java:84)
	at org.springframework.test.context.junit4.statements.RunBeforeTestMethodCallbacks.evaluate(RunBeforeTestMethodCallbacks.java:75)
	at org.springframework.test.context.junit4.statements.RunAfterTestMethodCallbacks.evaluate(RunAfterTestMethodCallbacks.java:86)
	at org.springframework.test.context.junit4.statements.SpringRepeat.evaluate(SpringRepeat.java:84)
	at org.junit.runners.ParentRunner.runLeaf(ParentRunner.java:325)
	at org.springframework.test.context.junit4.SpringJUnit4ClassRunner.runChild(SpringJUnit4ClassRunner.java:251)
	at org.springframework.test.context.junit4.SpringJUnit4ClassRunner.runChild(SpringJUnit4ClassRunner.java:97)
	at org.junit.runners.ParentRunner$3.run(ParentRunner.java:290)
	at org.junit.runners.ParentRunner$1.schedule(ParentRunner.java:71)
	at org.junit.runners.ParentRunner.runChildren(ParentRunner.java:288)
	at org.junit.runners.ParentRunner.access$000(ParentRunner.java:58)
	at org.junit.runners.ParentRunner$2.evaluate(ParentRunner.java:268)
	at org.springframework.test.context.junit4.statements.RunBeforeTestClassCallbacks.evaluate(RunBeforeTestClassCallbacks.java:61)
	at org.springframework.test.context.junit4.statements.RunAfterTestClassCallbacks.evaluate(RunAfterTestClassCallbacks.java:70)
	at org.junit.runners.ParentRunner.run(ParentRunner.java:363)
	at org.springframework.test.context.junit4.SpringJUnit4ClassRunner.run(SpringJUnit4ClassRunner.java:190)
	at org.eclipse.jdt.internal.junit4.runner.JUnit4TestReference.run(JUnit4TestReference.java:89)
	at org.eclipse.jdt.internal.junit.runner.TestExecution.run(TestExecution.java:41)
	at org.eclipse.jdt.internal.junit.runner.RemoteTestRunner.runTests(RemoteTestRunner.java:542)
	at org.eclipse.jdt.internal.junit.runner.RemoteTestRunner.runTests(RemoteTestRunner.java:770)
	at org.eclipse.jdt.internal.junit.runner.RemoteTestRunner.run(RemoteTestRunner.java:464)
	at org.eclipse.jdt.internal.junit.runner.RemoteTestRunner.main(RemoteTestRunner.java:210)
[2021-11-29 14:28:28.685][DEBUG] LogFactory.setImplementation(LogFactory.java:105) Logging initialized using 'class org.apache.ibatis.logging.slf4j.Slf4jImpl' adapter.
[2021-11-29 14:28:28.689][WARN ] Logger.warn(Logger.java:44) No MyBatis mapper was found in '[com.jua.makaron.mapper]' package. Please check your configuration.
[2021-11-29 14:28:28.869][WARN ] DriverDataSource.<init>(DriverDataSource.java:70) Registered driver with driverClassName=oracle.jdbc.driver.OracleDriver was not found, trying direct instantiation.
[2021-11-29 14:28:29.532][ERROR] HikariPool.throwPoolInitializationException(HikariPool.java:595) HikariPool-1 - Exception during pool initialization.
java.sql.SQLException: ORA-01017: invalid username/password; logon denied

	at oracle.jdbc.driver.T4CTTIoer11.processError(T4CTTIoer11.java:628)
	at oracle.jdbc.driver.T4CTTIoer11.processError(T4CTTIoer11.java:557)
	at oracle.jdbc.driver.T4CTTIoer11.processError(T4CTTIoer11.java:552)
	at oracle.jdbc.driver.T4CTTIfun.processError(T4CTTIfun.java:1312)
	at oracle.jdbc.driver.T4CTTIoauthenticate.processError(T4CTTIoauthenticate.java:699)
	at oracle.jdbc.driver.T4CTTIfun.receive(T4CTTIfun.java:726)
	at oracle.jdbc.driver.T4CTTIfun.doRPC(T4CTTIfun.java:291)
	at oracle.jdbc.driver.T4CTTIoauthenticate.doOAUTH(T4CTTIoauthenticate.java:389)
	at oracle.jdbc.driver.T4CTTIoauthenticate.doOAUTHWithO5Logon(T4CTTIoauthenticate.java:1455)
	at oracle.jdbc.driver.T4CTTIoauthenticate.doOAUTH(T4CTTIoauthenticate.java:1219)
	at oracle.jdbc.driver.T4CTTIoauthenticate.doOAUTH(T4CTTIoauthenticate.java:1173)
	at oracle.jdbc.driver.T4CConnection.authenticateUserForLogon(T4CConnection.java:1030)
	at oracle.jdbc.driver.T4CConnection.logon(T4CConnection.java:646)
	at oracle.jdbc.driver.PhysicalConnection.connect(PhysicalConnection.java:1032)
	at oracle.jdbc.driver.T4CDriverExtension.getConnection(T4CDriverExtension.java:90)
	at oracle.jdbc.driver.OracleDriver.connect(OracleDriver.java:681)
	at oracle.jdbc.driver.OracleDriver.connect(OracleDriver.java:602)
	at com.zaxxer.hikari.util.DriverDataSource.getConnection(DriverDataSource.java:138)
	at com.zaxxer.hikari.pool.PoolBase.newConnection(PoolBase.java:353)
	at com.zaxxer.hikari.pool.PoolBase.newPoolEntry(PoolBase.java:201)
	at com.zaxxer.hikari.pool.HikariPool.createPoolEntry(HikariPool.java:473)
	at com.zaxxer.hikari.pool.HikariPool.checkFailFast(HikariPool.java:562)
	at com.zaxxer.hikari.pool.HikariPool.<init>(HikariPool.java:115)
	at com.zaxxer.hikari.HikariDataSource.getConnection(HikariDataSource.java:112)
	at org.zerock.persistence.DataSourceTests.testConnection(DataSourceTests.java:36)
	at sun.reflect.NativeMethodAccessorImpl.invoke0(Native Method)
	at sun.reflect.NativeMethodAccessorImpl.invoke(Unknown Source)
	at sun.reflect.DelegatingMethodAccessorImpl.invoke(Unknown Source)
	at java.lang.reflect.Method.invoke(Unknown Source)
	at org.junit.runners.model.FrameworkMethod$1.runReflectiveCall(FrameworkMethod.java:50)
	at org.junit.internal.runners.model.ReflectiveCallable.run(ReflectiveCallable.java:12)
	at org.junit.runners.model.FrameworkMethod.invokeExplosively(FrameworkMethod.java:47)
	at org.junit.internal.runners.statements.InvokeMethod.evaluate(InvokeMethod.java:17)
	at org.springframework.test.context.junit4.statements.RunBeforeTestExecutionCallbacks.evaluate(RunBeforeTestExecutionCallbacks.java:74)
	at org.springframework.test.context.junit4.statements.RunAfterTestExecutionCallbacks.evaluate(RunAfterTestExecutionCallbacks.java:84)
	at org.springframework.test.context.junit4.statements.RunBeforeTestMethodCallbacks.evaluate(RunBeforeTestMethodCallbacks.java:75)
	at org.springframework.test.context.junit4.statements.RunAfterTestMethodCallbacks.evaluate(RunAfterTestMethodCallbacks.java:86)
	at org.springframework.test.context.junit4.statements.SpringRepeat.evaluate(SpringRepeat.java:84)
	at org.junit.runners.ParentRunner.runLeaf(ParentRunner.java:325)
	at org.springframework.test.context.junit4.SpringJUnit4ClassRunner.runChild(SpringJUnit4ClassRunner.java:251)
	at org.springframework.test.context.junit4.SpringJUnit4ClassRunner.runChild(SpringJUnit4ClassRunner.java:97)
	at org.junit.runners.ParentRunner$3.run(ParentRunner.java:290)
	at org.junit.runners.ParentRunner$1.schedule(ParentRunner.java:71)
	at org.junit.runners.ParentRunner.runChildren(ParentRunner.java:288)
	at org.junit.runners.ParentRunner.access$000(ParentRunner.java:58)
	at org.junit.runners.ParentRunner$2.evaluate(ParentRunner.java:268)
	at org.springframework.test.context.junit4.statements.RunBeforeTestClassCallbacks.evaluate(RunBeforeTestClassCallbacks.java:61)
	at org.springframework.test.context.junit4.statements.RunAfterTestClassCallbacks.evaluate(RunAfterTestClassCallbacks.java:70)
	at org.junit.runners.ParentRunner.run(ParentRunner.java:363)
	at org.springframework.test.context.junit4.SpringJUnit4ClassRunner.run(SpringJUnit4ClassRunner.java:190)
	at org.eclipse.jdt.internal.junit4.runner.JUnit4TestReference.run(JUnit4TestReference.java:89)
	at org.eclipse.jdt.internal.junit.runner.TestExecution.run(TestExecution.java:41)
	at org.eclipse.jdt.internal.junit.runner.RemoteTestRunner.runTests(RemoteTestRunner.java:542)
	at org.eclipse.jdt.internal.junit.runner.RemoteTestRunner.runTests(RemoteTestRunner.java:770)
	at org.eclipse.jdt.internal.junit.runner.RemoteTestRunner.run(RemoteTestRunner.java:464)
	at org.eclipse.jdt.internal.junit.runner.RemoteTestRunner.main(RemoteTestRunner.java:210)
[2021-11-29 14:28:36.520][DEBUG] LogFactory.setImplementation(LogFactory.java:105) Logging initialized using 'class org.apache.ibatis.logging.slf4j.Slf4jImpl' adapter.
[2021-11-29 14:28:36.524][WARN ] Logger.warn(Logger.java:44) No MyBatis mapper was found in '[com.jua.makaron.mapper]' package. Please check your configuration.
[2021-11-29 14:28:36.704][WARN ] DriverDataSource.<init>(DriverDataSource.java:70) Registered driver with driverClassName=oracle.jdbc.driver.OracleDriver was not found, trying direct instantiation.
[2021-11-29 14:28:48.483][DEBUG] LogFactory.setImplementation(LogFactory.java:105) Logging initialized using 'class org.apache.ibatis.logging.slf4j.Slf4jImpl' adapter.
[2021-11-29 14:28:48.487][WARN ] Logger.warn(Logger.java:44) No MyBatis mapper was found in '[com.jua.makaron.mapper]' package. Please check your configuration.
[2021-11-29 14:28:48.666][WARN ] DriverDataSource.<init>(DriverDataSource.java:70) Registered driver with driverClassName=oracle.jdbc.driver.OracleDriver was not found, trying direct instantiation.
[2021-11-29 14:29:04.733][DEBUG] LogFactory.setImplementation(LogFactory.java:105) Logging initialized using 'class org.apache.ibatis.logging.slf4j.Slf4jImpl' adapter.
[2021-11-29 14:29:04.737][WARN ] Logger.warn(Logger.java:44) No MyBatis mapper was found in '[com.jua.makaron.mapper]' package. Please check your configuration.
[2021-11-29 14:29:04.918][WARN ] DriverDataSource.<init>(DriverDataSource.java:70) Registered driver with driverClassName=oracle.jdbc.driver.OracleDriver was not found, trying direct instantiation.
[2021-11-29 14:30:44.617][DEBUG] LogFactory.setImplementation(LogFactory.java:105) Logging initialized using 'class org.apache.ibatis.logging.slf4j.Slf4jImpl' adapter.
[2021-11-29 14:30:44.621][WARN ] Logger.warn(Logger.java:44) No MyBatis mapper was found in '[com.jua.makaron.mapper]' package. Please check your configuration.
[2021-11-29 14:30:55.231][DEBUG] LogFactory.setImplementation(LogFactory.java:105) Logging initialized using 'class org.apache.ibatis.logging.slf4j.Slf4jImpl' adapter.
[2021-11-29 14:30:55.235][WARN ] Logger.warn(Logger.java:44) No MyBatis mapper was found in '[com.jua.makaron.mapper]' package. Please check your configuration.
[2021-11-29 14:32:21.676][DEBUG] LogFactory.setImplementation(LogFactory.java:105) Logging initialized using 'class org.apache.ibatis.logging.slf4j.Slf4jImpl' adapter.
[2021-11-29 14:32:21.681][WARN ] Logger.warn(Logger.java:44) No MyBatis mapper was found in '[com.jua.makaron.mapper]' package. Please check your configuration.
[2021-11-29 14:32:39.913][DEBUG] LogFactory.setImplementation(LogFactory.java:105) Logging initialized using 'class org.apache.ibatis.logging.slf4j.Slf4jImpl' adapter.
[2021-11-29 14:32:39.918][WARN ] Logger.warn(Logger.java:44) No MyBatis mapper was found in '[com.jua.makaron.mapper]' package. Please check your configuration.
[2021-11-29 14:42:33.763][DEBUG] LogFactory.setImplementation(LogFactory.java:105) Logging initialized using 'class org.apache.ibatis.logging.slf4j.Slf4jImpl' adapter.
[2021-11-29 14:42:33.768][WARN ] Logger.warn(Logger.java:44) No MyBatis mapper was found in '[com.jua.makaron.mapper]' package. Please check your configuration.
[2021-11-29 14:43:12.532][DEBUG] LogFactory.setImplementation(LogFactory.java:105) Logging initialized using 'class org.apache.ibatis.logging.slf4j.Slf4jImpl' adapter.
[2021-11-29 14:43:58.264][DEBUG] LogFactory.setImplementation(LogFactory.java:105) Logging initialized using 'class org.apache.ibatis.logging.slf4j.Slf4jImpl' adapter.
